ARM GAS  /var/folders/wm/cgcdtysd1h320c4wmhfz4d5w0000gn/T//ccOBCJCn.s 			page 1


   1              		.cpu cortex-m7
   2              		.eabi_attribute 28, 1
   3              		.eabi_attribute 20, 1
   4              		.eabi_attribute 21, 1
   5              		.eabi_attribute 23, 3
   6              		.eabi_attribute 24, 1
   7              		.eabi_attribute 25, 1
   8              		.eabi_attribute 26, 1
   9              		.eabi_attribute 30, 2
  10              		.eabi_attribute 34, 1
  11              		.eabi_attribute 18, 4
  12              		.file	"pan.cpp"
  13              		.text
  14              		.section	.text._ZN7daisysp3Pan7ProcessEffRfS1_,"ax",%progbits
  15              		.align	1
  16              		.p2align 2,,3
  17              		.global	_ZN7daisysp3Pan7ProcessEffRfS1_
  18              		.arch armv7e-m
  19              		.syntax unified
  20              		.thumb
  21              		.thumb_func
  22              		.fpu fpv5-d16
  24              	_ZN7daisysp3Pan7ProcessEffRfS1_:
  25              		@ args = 0, pretend = 0, frame = 0
  26              		@ frame_needed = 0, uses_anonymous_args = 0
  27 0000 38B5     		push	{r3, r4, r5, lr}
  28 0002 2DED068B 		vpush.64	{d8, d9, d10}
  29 0006 9FED208A 		vldr.32	s16, .L4+16
  30 000a F0EE608A 		vmov.f32	s17, s1
  31 000e 0D46     		mov	r5, r1
  32 0010 1446     		mov	r4, r2
  33 0012 20EE080A 		vmul.f32	s0, s0, s16
  34 0016 9FED18AB 		vldr.64	d10, .L4
  35 001a BDEEC08A 		vcvt.s32.f32	s16, s0
  36 001e 9FED189B 		vldr.64	d9, .L4+8
  37 0022 B8EEC80A 		vcvt.f32.s32	s0, s16
  38 0026 B7EEC00A 		vcvt.f64.f32	d0, s0
  39 002a 20EE0A0B 		vmul.f64	d0, d0, d10
  40 002e 80EE090B 		vdiv.f64	d0, d0, d9
  41 0032 FFF7FEFF 		bl	cos
  42 0036 18EE102A 		vmov	r2, s16	@ int
  43 003a 40F2FF33 		movw	r3, #1023
  44 003e 9B1A     		subs	r3, r3, r2
  45 0040 F7EEC07B 		vcvt.f32.f64	s15, d0
  46 0044 07EE103A 		vmov	s14, r3	@ int
  47 0048 67EEA87A 		vmul.f32	s15, s15, s17
  48 004c B8EEC70A 		vcvt.f32.s32	s0, s14
  49 0050 C5ED007A 		vstr.32	s15, [r5]
  50 0054 B7EEC00A 		vcvt.f64.f32	d0, s0
  51 0058 20EE0A0B 		vmul.f64	d0, d0, d10
  52 005c 80EE090B 		vdiv.f64	d0, d0, d9
  53 0060 FFF7FEFF 		bl	cos
  54 0064 B7EEC00B 		vcvt.f32.f64	s0, d0
  55 0068 60EE280A 		vmul.f32	s1, s0, s17
  56 006c BDEC068B 		vldm	sp!, {d8-d10}
  57 0070 C4ED000A 		vstr.32	s1, [r4]
  58 0074 38BD     		pop	{r3, r4, r5, pc}
ARM GAS  /var/folders/wm/cgcdtysd1h320c4wmhfz4d5w0000gn/T//ccOBCJCn.s 			page 2


  59              	.L5:
  60 0076 00BF     		.align	3
  61              	.L4:
  62 0078 182D4454 		.word	1413754136
  63 007c FB21F93F 		.word	1073291771
  64 0080 00000000 		.word	0
  65 0084 00F88F40 		.word	1083176960
  66 0088 00C07F44 		.word	1149222912
  68              		.ident	"GCC: (GNU Tools for Arm Embedded Processors 9-2019-q4-major) 9.2.1 20191025 (release) [ARM
ARM GAS  /var/folders/wm/cgcdtysd1h320c4wmhfz4d5w0000gn/T//ccOBCJCn.s 			page 3


DEFINED SYMBOLS
                            *ABS*:0000000000000000 pan.cpp
/var/folders/wm/cgcdtysd1h320c4wmhfz4d5w0000gn/T//ccOBCJCn.s:15     .text._ZN7daisysp3Pan7ProcessEffRfS1_:0000000000000000 $t
/var/folders/wm/cgcdtysd1h320c4wmhfz4d5w0000gn/T//ccOBCJCn.s:24     .text._ZN7daisysp3Pan7ProcessEffRfS1_:0000000000000000 _ZN7daisysp3Pan7ProcessEffRfS1_
/var/folders/wm/cgcdtysd1h320c4wmhfz4d5w0000gn/T//ccOBCJCn.s:62     .text._ZN7daisysp3Pan7ProcessEffRfS1_:0000000000000078 $d

UNDEFINED SYMBOLS
cos
