ARM GAS  /var/folders/wm/cgcdtysd1h320c4wmhfz4d5w0000gn/T//ccTBmOJk.s 			page 1


   1              		.cpu cortex-m7
   2              		.eabi_attribute 28, 1
   3              		.eabi_attribute 20, 1
   4              		.eabi_attribute 21, 1
   5              		.eabi_attribute 23, 3
   6              		.eabi_attribute 24, 1
   7              		.eabi_attribute 25, 1
   8              		.eabi_attribute 26, 1
   9              		.eabi_attribute 30, 2
  10              		.eabi_attribute 34, 1
  11              		.eabi_attribute 18, 4
  12              		.file	"voice.cpp"
  13              		.text
  14              		.section	.text._ZN7daisysp5Voice4InitEii,"ax",%progbits
  15              		.align	1
  16              		.p2align 2,,3
  17              		.global	_ZN7daisysp5Voice4InitEii
  18              		.arch armv7e-m
  19              		.syntax unified
  20              		.thumb
  21              		.thumb_func
  22              		.fpu fpv5-d16
  24              	_ZN7daisysp5Voice4InitEii:
  25              		@ args = 0, pretend = 0, frame = 8
  26              		@ frame_needed = 0, uses_anonymous_args = 0
  27 0000 0023     		movs	r3, #0
  28 0002 2DE9F04F 		push	{r4, r5, r6, r7, r8, r9, r10, fp, lr}
  29 0006 2DED028B 		vpush.64	{d8}
  30 000a C0E90023 		strd	r2, r3, [r0]
  31 000e 002A     		cmp	r2, #0
  32 0010 954F     		ldr	r7, .L28
  33 0012 08EE101A 		vmov	s16, r1	@ int
  34 0016 954E     		ldr	r6, .L28+4
  35 0018 B8BF     		it	lt
  36 001a 0332     		addlt	r2, r2, #3
  37 001c 4FF07E51 		mov	r1, #1065353216
  38 0020 934D     		ldr	r5, .L28+8
  39 0022 0744     		add	r7, r7, r0
  40 0024 9210     		asrs	r2, r2, #2
  41 0026 B8EEC88A 		vcvt.f32.s32	s16, s16
  42 002a 8360     		str	r3, [r0, #8]
  43 002c 4FF00008 		mov	r8, #0
  44 0030 C260     		str	r2, [r0, #12]
  45 0032 0644     		add	r6, r6, r0
  46 0034 0161     		str	r1, [r0, #16]	@ float
  47 0036 0544     		add	r5, r5, r0
  48 0038 8E4B     		ldr	r3, .L28+12
  49 003a 0022     		movs	r2, #0
  50 003c 8E49     		ldr	r1, .L28+16
  51 003e 83B0     		sub	sp, sp, #12
  52 0040 0446     		mov	r4, r0
  53 0042 B946     		mov	r9, r7
  54 0044 80F81480 		strb	r8, [r0, #20]
  55 0048 00F80180 		strb	r8, [r0, r1]
  56 004c 8261     		str	r2, [r0, #24]	@ float
  57 004e 86ED008A 		vstr.32	s16, [r6]
  58 0052 2B60     		str	r3, [r5]	@ float
ARM GAS  /var/folders/wm/cgcdtysd1h320c4wmhfz4d5w0000gn/T//ccTBmOJk.s 			page 2


  59              	.L3:
  60 0054 07EE908A 		vmov	s15, r8	@ int
  61 0058 08F10108 		add	r8, r8, #1
  62 005c B0EE000A 		vmov.f32	s0, #2.0e+0
  63 0060 F8EEE70A 		vcvt.f32.s32	s1, s15
  64 0064 F2EE087A 		vmov.f32	s15, #1.2e+1
  65 0068 C0EEA70A 		vdiv.f32	s1, s1, s15
  66 006c FFF7FEFF 		bl	powf
  67 0070 B8F10C0F 		cmp	r8, #12
  68 0074 A9EC010A 		vstmia.32	r9!, {s0}
  69 0078 ECD1     		bne	.L3
  70 007a 804B     		ldr	r3, .L28+20
  71 007c 0020     		movs	r0, #0
  72 007e 804A     		ldr	r2, .L28+24
  73 0080 04F12801 		add	r1, r4, #40
  74 0084 2344     		add	r3, r3, r4
  75 0086 2244     		add	r2, r2, r4
  76 0088 1860     		str	r0, [r3]	@ float
  77              	.L4:
  78 008a 4FF00009 		mov	r9, #0
  79 008e 41F8049B 		str	r9, [r1], #4	@ float
  80 0092 8A42     		cmp	r2, r1
  81 0094 F9D1     		bne	.L4
  82 0096 7B4A     		ldr	r2, .L28+28
  83 0098 0121     		movs	r1, #1
  84 009a DFF820A2 		ldr	r10, .L28+84
  85 009e 0020     		movs	r0, #0
  86 00a0 794B     		ldr	r3, .L28+32
  87 00a2 2244     		add	r2, r2, r4
  88 00a4 A244     		add	r10, r10, r4
  89 00a6 2062     		str	r0, [r4, #32]
  90 00a8 2344     		add	r3, r3, r4
  91 00aa 6162     		str	r1, [r4, #36]
  92 00ac 9FED770A 		vldr.32	s0, .L28+36
  93 00b0 5046     		mov	r0, r10
  94 00b2 82ED008A 		vstr.32	s16, [r2]
  95 00b6 04F11C08 		add	r8, r4, #28
  96 00ba C3F80090 		str	r9, [r3]	@ float
  97 00be FFF7FEFF 		bl	_ZN7daisysp6Phasor7SetFreqEf
  98 00c2 734A     		ldr	r2, .L28+40
  99 00c4 734B     		ldr	r3, .L28+44
 100 00c6 7449     		ldr	r1, .L28+48
 101 00c8 2244     		add	r2, r2, r4
 102 00ca 2344     		add	r3, r3, r4
 103 00cc 2144     		add	r1, r1, r4
 104 00ce C2F80090 		str	r9, [r2]	@ float
 105              	.L5:
 106 00d2 0022     		movs	r2, #0
 107 00d4 43F8042B 		str	r2, [r3], #4	@ float
 108 00d8 8B42     		cmp	r3, r1
 109 00da FAD1     		bne	.L5
 110 00dc DFF8E0C1 		ldr	ip, .L28+88
 111 00e0 0123     		movs	r3, #1
 112 00e2 6549     		ldr	r1, .L28+16
 113 00e4 4FF0000B 		mov	fp, #0
 114 00e8 DFF8D8E1 		ldr	lr, .L28+92
 115 00ec A444     		add	ip, ip, r4
ARM GAS  /var/folders/wm/cgcdtysd1h320c4wmhfz4d5w0000gn/T//ccTBmOJk.s 			page 3


 116 00ee 6B48     		ldr	r0, .L28+52
 117 00f0 8844     		add	r8, r8, r1
 118 00f2 6B4A     		ldr	r2, .L28+56
 119 00f4 DFF8D091 		ldr	r9, .L28+96
 120 00f8 44F80EB0 		str	fp, [r4, lr]
 121 00fc 2244     		add	r2, r2, r4
 122 00fe 2350     		str	r3, [r4, r0]
 123 0100 A144     		add	r9, r9, r4
 124 0102 8CED008A 		vstr.32	s16, [ip]
 125 0106 4046     		mov	r0, r8
 126 0108 DFF8C0C1 		ldr	ip, .L28+100
 127 010c 9FED5F0A 		vldr.32	s0, .L28+36
 128 0110 C2F800C0 		str	ip, [r2]	@ float
 129 0114 FFF7FEFF 		bl	_ZN7daisysp6Phasor7SetFreqEf
 130 0118 D9ED007A 		vldr.32	s15, [r9]
 131 011c 0123     		movs	r3, #1
 132 011e 5649     		ldr	r1, .L28+16
 133 0120 B0EEE77A 		vabs.f32	s14, s15
 134 0124 4FF4804C 		mov	ip, #16384
 135 0128 6354     		strb	r3, [r4, r1]
 136 012a 0831     		adds	r1, r1, #8
 137 012c 5D4A     		ldr	r2, .L28+60
 138 012e F5EEC07A 		vcmpe.f32	s15, #0
 139 0132 FCEEC76A 		vcvt.u32.f32	s13, s14
 140 0136 6354     		strb	r3, [r4, r1]
 141 0138 DFF878E1 		ldr	lr, .L28+76
 142 013c 48F22200 		movw	r0, #32802
 143 0140 F1EE10FA 		vmrs	APSR_nzcv, FPSCR
 144 0144 CDED016A 		vstr.32	s13, [sp, #4]	@ int
 145 0148 9DF80430 		ldrb	r3, [sp, #4]	@ zero_extendqisi2
 146 014c 44F80EC0 		str	ip, [r4, lr]
 147 0150 A2FB03C2 		umull	ip, r2, r2, r3
 148 0154 4FEAD202 		lsr	r2, r2, #3
 149 0158 02EB4202 		add	r2, r2, r2, lsl #1
 150 015c A3EB8203 		sub	r3, r3, r2, lsl #2
 151 0160 50FA83F3 		uxtab	r3, r0, r3
 152 0164 04EB8303 		add	r3, r4, r3, lsl #2
 153 0168 D3ED076A 		vldr.32	s13, [r3, #28]
 154 016c 01DC     		bgt	.L6
 155 016e 04F801B0 		strb	fp, [r4, r1]
 156              	.L6:
 157 0172 B2EE085A 		vmov.f32	s10, #1.2e+1
 158 0176 D6ED005A 		vldr.32	s11, [r6]
 159 017a BFEE000A 		vmov.f32	s0, #-1.0e+0
 160 017e 9FED4A6A 		vldr.32	s12, .L28+64
 161 0182 DFED4A4A 		vldr.32	s9, .L28+68
 162 0186 C7EE057A 		vdiv.f32	s15, s14, s10
 163 018a FCEEE77A 		vcvt.u32.f32	s15, s15
 164 018e CDED017A 		vstr.32	s15, [sp, #4]	@ int
 165 0192 9DF80430 		ldrb	r3, [sp, #4]	@ zero_extendqisi2
 166 0196 0133     		adds	r3, r3, #1
 167 0198 07EE903A 		vmov	s15, r3	@ int
 168 019c F8EEE77A 		vcvt.f32.s32	s15, s15
 169 01a0 A6EEA70A 		vfma.f32	s0, s13, s15
 170 01a4 20EE250A 		vmul.f32	s0, s0, s11
 171 01a8 20EE060A 		vmul.f32	s0, s0, s12
 172 01ac B4EEE40A 		vcmpe.f32	s0, s9
ARM GAS  /var/folders/wm/cgcdtysd1h320c4wmhfz4d5w0000gn/T//ccTBmOJk.s 			page 4


 173 01b0 F1EE10FA 		vmrs	APSR_nzcv, FPSCR
 174 01b4 4ED4     		bmi	.L9
 175 01b6 85ED000A 		vstr.32	s0, [r5]
 176              	.L10:
 177 01ba 5046     		mov	r0, r10
 178 01bc FFF7FEFF 		bl	_ZN7daisysp6Phasor7SetFreqEf
 179 01c0 95ED000A 		vldr.32	s0, [r5]
 180 01c4 4046     		mov	r0, r8
 181 01c6 FFF7FEFF 		bl	_ZN7daisysp6Phasor7SetFreqEf
 182 01ca 2B4B     		ldr	r3, .L28+16
 183 01cc E25C     		ldrb	r2, [r4, r3]	@ zero_extendqisi2
 184 01ce 0AB1     		cbz	r2, .L11
 185 01d0 0022     		movs	r2, #0
 186 01d2 E254     		strb	r2, [r4, r3]
 187              	.L11:
 188 01d4 D9ED007A 		vldr.32	s15, [r9]
 189 01d8 0022     		movs	r2, #0
 190 01da 354B     		ldr	r3, .L28+72
 191 01dc F5EE407A 		vcmp.f32	s15, #0
 192 01e0 2344     		add	r3, r3, r4
 193 01e2 F1EE10FA 		vmrs	APSR_nzcv, FPSCR
 194 01e6 1A60     		str	r2, [r3]	@ float
 195 01e8 02D1     		bne	.L12
 196 01ea 234B     		ldr	r3, .L28+16
 197 01ec E35C     		ldrb	r3, [r4, r3]	@ zero_extendqisi2
 198 01ee 63B3     		cbz	r3, .L1
 199              	.L12:
 200 01f0 B7EE007A 		vmov.f32	s14, #1.0e+0
 201 01f4 2F4B     		ldr	r3, .L28+76
 202 01f6 D7ED007A 		vldr.32	s15, [r7]
 203 01fa 0022     		movs	r2, #0
 204 01fc E318     		adds	r3, r4, r3
 205 01fe 96ED006A 		vldr.32	s12, [r6]
 206 0202 77EEC77A 		vsub.f32	s15, s15, s14
 207 0206 DFED296A 		vldr.32	s13, .L28+68
 208 020a 93ED007A 		vldr.32	s14, [r3]	@ int
 209 020e 2A4B     		ldr	r3, .L28+80
 210 0210 B8EE477A 		vcvt.f32.u32	s14, s14
 211 0214 C9ED006A 		vstr.32	s13, [r9]
 212 0218 67EE867A 		vmul.f32	s15, s15, s12
 213 021c E254     		strb	r2, [r4, r3]
 214 021e 87EE870A 		vdiv.f32	s0, s15, s14
 215 0222 B4EEE60A 		vcmpe.f32	s0, s13
 216 0226 F1EE10FA 		vmrs	APSR_nzcv, FPSCR
 217 022a 18D4     		bmi	.L14
 218 022c 85ED000A 		vstr.32	s0, [r5]
 219              	.L15:
 220 0230 5046     		mov	r0, r10
 221 0232 FFF7FEFF 		bl	_ZN7daisysp6Phasor7SetFreqEf
 222 0236 4046     		mov	r0, r8
 223 0238 95ED000A 		vldr.32	s0, [r5]
 224 023c FFF7FEFF 		bl	_ZN7daisysp6Phasor7SetFreqEf
 225 0240 0D4B     		ldr	r3, .L28+16
 226 0242 E25C     		ldrb	r2, [r4, r3]	@ zero_extendqisi2
 227 0244 0AB1     		cbz	r2, .L1
 228 0246 0022     		movs	r2, #0
 229 0248 E254     		strb	r2, [r4, r3]
ARM GAS  /var/folders/wm/cgcdtysd1h320c4wmhfz4d5w0000gn/T//ccTBmOJk.s 			page 5


 230              	.L1:
 231 024a 03B0     		add	sp, sp, #12
 232              		@ sp needed
 233 024c BDEC028B 		vldm	sp!, {d8}
 234 0250 BDE8F08F 		pop	{r4, r5, r6, r7, r8, r9, r10, fp, pc}
 235              	.L9:
 236 0254 B0EE640A 		vmov.f32	s0, s9
 237 0258 C5ED004A 		vstr.32	s9, [r5]
 238 025c ADE7     		b	.L10
 239              	.L14:
 240 025e B0EE660A 		vmov.f32	s0, s13
 241 0262 C5ED006A 		vstr.32	s13, [r5]
 242 0266 E3E7     		b	.L15
 243              	.L29:
 244              		.align	2
 245              	.L28:
 246 0268 A4000200 		.word	131236
 247 026c 44000200 		.word	131140
 248 0270 38000200 		.word	131128
 249 0274 0000A040 		.word	1084227584
 250 0278 40000200 		.word	131136
 251 027c 6C000200 		.word	131180
 252 0280 28000100 		.word	65576
 253 0284 50000200 		.word	131152
 254 0288 58000200 		.word	131160
 255 028c 00004842 		.word	1112014848
 256 0290 70000200 		.word	131184
 257 0294 34000100 		.word	65588
 258 0298 34000200 		.word	131124
 259 029c 30000100 		.word	65584
 260 02a0 68000200 		.word	131176
 261 02a4 ABAAAAAA 		.word	-1431655765
 262 02a8 00008038 		.word	947912704
 263 02ac 00000000 		.word	0
 264 02b0 80000200 		.word	131200
 265 02b4 3C000200 		.word	131132
 266 02b8 48000200 		.word	131144
 267 02bc 4C000200 		.word	131148
 268 02c0 60000200 		.word	131168
 269 02c4 2C000100 		.word	65580
 270 02c8 7C000200 		.word	131196
 271 02cc DB0F4940 		.word	1078530011
 273              		.section	.text._ZN7daisysp5Voice16SetTranspositionEf,"ax",%progbits
 274              		.align	1
 275              		.p2align 2,,3
 276              		.global	_ZN7daisysp5Voice16SetTranspositionEf
 277              		.syntax unified
 278              		.thumb
 279              		.thumb_func
 280              		.fpu fpv5-d16
 282              	_ZN7daisysp5Voice16SetTranspositionEf:
 283              		@ args = 0, pretend = 0, frame = 8
 284              		@ frame_needed = 0, uses_anonymous_args = 0
 285 0000 3C49     		ldr	r1, .L40
 286 0002 0144     		add	r1, r1, r0
 287 0004 D1ED007A 		vldr.32	s15, [r1]
 288 0008 B4EE670A 		vcmp.f32	s0, s15
ARM GAS  /var/folders/wm/cgcdtysd1h320c4wmhfz4d5w0000gn/T//ccTBmOJk.s 			page 6


 289 000c F0B5     		push	{r4, r5, r6, r7, lr}
 290 000e F1EE10FA 		vmrs	APSR_nzcv, FPSCR
 291 0012 83B0     		sub	sp, sp, #12
 292 0014 0446     		mov	r4, r0
 293 0016 80ED060A 		vstr.32	s0, [r0, #24]
 294 001a 03D1     		bne	.L31
 295 001c 364B     		ldr	r3, .L40+4
 296 001e C35C     		ldrb	r3, [r0, r3]	@ zero_extendqisi2
 297 0020 002B     		cmp	r3, #0
 298 0022 5ED0     		beq	.L30
 299              	.L31:
 300 0024 F0EEC07A 		vabs.f32	s15, s0
 301 0028 81ED000A 		vstr.32	s0, [r1]
 302 002c F2EE086A 		vmov.f32	s13, #1.2e+1
 303 0030 3249     		ldr	r1, .L40+8
 304 0032 334A     		ldr	r2, .L40+12
 305 0034 48F22200 		movw	r0, #32802
 306 0038 BCEEE76A 		vcvt.u32.f32	s12, s15
 307 003c 2144     		add	r1, r1, r4
 308 003e C7EEA65A 		vdiv.f32	s11, s15, s13
 309 0042 304D     		ldr	r5, .L40+16
 310 0044 9FED305A 		vldr.32	s10, .L40+20
 311 0048 8DED016A 		vstr.32	s12, [sp, #4]	@ int
 312 004c 9DF80430 		ldrb	r3, [sp, #4]	@ zero_extendqisi2
 313 0050 91ED006A 		vldr.32	s12, [r1]
 314 0054 A2FB0312 		umull	r1, r2, r2, r3
 315 0058 BFEE007A 		vmov.f32	s14, #-1.0e+0
 316 005c 6119     		adds	r1, r4, r5
 317 005e B4EEC50A 		vcmpe.f32	s0, s10
 318 0062 D208     		lsrs	r2, r2, #3
 319 0064 D1ED006A 		vldr.32	s13, [r1]	@ int
 320 0068 02EB4202 		add	r2, r2, r2, lsl #1
 321 006c F1EE10FA 		vmrs	APSR_nzcv, FPSCR
 322 0070 F8EE666A 		vcvt.f32.u32	s13, s13
 323 0074 2549     		ldr	r1, .L40+24
 324 0076 A3EB8203 		sub	r3, r3, r2, lsl #2
 325 007a CCBF     		ite	gt
 326 007c 0122     		movgt	r2, #1
 327 007e 0022     		movle	r2, #0
 328 0080 50FA83F3 		uxtab	r3, r0, r3
 329 0084 04EB8303 		add	r3, r4, r3, lsl #2
 330 0088 FCEEE57A 		vcvt.u32.f32	s15, s11
 331 008c D3ED075A 		vldr.32	s11, [r3, #28]
 332 0090 6254     		strb	r2, [r4, r1]
 333 0092 CDED017A 		vstr.32	s15, [sp, #4]	@ int
 334 0096 9DF80430 		ldrb	r3, [sp, #4]	@ zero_extendqisi2
 335 009a 0133     		adds	r3, r3, #1
 336 009c 07EE903A 		vmov	s15, r3	@ int
 337 00a0 F8EEE77A 		vcvt.f32.s32	s15, s15
 338 00a4 A5EEA77A 		vfma.f32	s14, s11, s15
 339 00a8 67EE067A 		vmul.f32	s15, s14, s12
 340 00ac 87EEA60A 		vdiv.f32	s0, s15, s13
 341 00b0 B4EEC50A 		vcmpe.f32	s0, s10
 342 00b4 F1EE10FA 		vmrs	APSR_nzcv, FPSCR
 343 00b8 15D4     		bmi	.L33
 344 00ba 043D     		subs	r5, r5, #4
 345 00bc 2544     		add	r5, r5, r4
ARM GAS  /var/folders/wm/cgcdtysd1h320c4wmhfz4d5w0000gn/T//ccTBmOJk.s 			page 7


 346 00be 85ED000A 		vstr.32	s0, [r5]
 347              	.L34:
 348 00c2 1348     		ldr	r0, .L40+28
 349 00c4 04F11C06 		add	r6, r4, #28
 350 00c8 0B4F     		ldr	r7, .L40+4
 351 00ca 2044     		add	r0, r0, r4
 352 00cc FFF7FEFF 		bl	_ZN7daisysp6Phasor7SetFreqEf
 353 00d0 F019     		adds	r0, r6, r7
 354 00d2 95ED000A 		vldr.32	s0, [r5]
 355 00d6 FFF7FEFF 		bl	_ZN7daisysp6Phasor7SetFreqEf
 356 00da E35D     		ldrb	r3, [r4, r7]	@ zero_extendqisi2
 357 00dc 0BB1     		cbz	r3, .L30
 358 00de 0023     		movs	r3, #0
 359 00e0 E355     		strb	r3, [r4, r7]
 360              	.L30:
 361 00e2 03B0     		add	sp, sp, #12
 362              		@ sp needed
 363 00e4 F0BD     		pop	{r4, r5, r6, r7, pc}
 364              	.L33:
 365 00e6 0B4D     		ldr	r5, .L40+32
 366 00e8 B0EE450A 		vmov.f32	s0, s10
 367 00ec 2544     		add	r5, r5, r4
 368 00ee 85ED005A 		vstr.32	s10, [r5]
 369 00f2 E6E7     		b	.L34
 370              	.L41:
 371              		.align	2
 372              	.L40:
 373 00f4 7C000200 		.word	131196
 374 00f8 40000200 		.word	131136
 375 00fc 44000200 		.word	131140
 376 0100 ABAAAAAA 		.word	-1431655765
 377 0104 3C000200 		.word	131132
 378 0108 00000000 		.word	0
 379 010c 48000200 		.word	131144
 380 0110 4C000200 		.word	131148
 381 0114 38000200 		.word	131128
 383              		.section	.text._ZN7daisysp5Voice10NextSampleER6Buffer,"ax",%progbits
 384              		.align	1
 385              		.p2align 2,,3
 386              		.global	_ZN7daisysp5Voice10NextSampleER6Buffer
 387              		.syntax unified
 388              		.thumb
 389              		.thumb_func
 390              		.fpu fpv5-d16
 392              	_ZN7daisysp5Voice10NextSampleER6Buffer:
 393              		@ args = 0, pretend = 0, frame = 0
 394              		@ frame_needed = 0, uses_anonymous_args = 0
 395 0000 2DE9F047 		push	{r4, r5, r6, r7, r8, r9, r10, lr}
 396 0004 0446     		mov	r4, r0
 397 0006 D0E90003 		ldrd	r0, r3, [r0]
 398 000a 2DED048B 		vpush.64	{d8, d9}
 399 000e 5A1C     		adds	r2, r3, #1
 400 0010 92FBF0F3 		sdiv	r3, r2, r0
 401 0014 00FB1323 		mls	r3, r0, r3, r2
 402 0018 03B9     		cbnz	r3, .L43
 403 001a A368     		ldr	r3, [r4, #8]
 404              	.L43:
ARM GAS  /var/folders/wm/cgcdtysd1h320c4wmhfz4d5w0000gn/T//ccTBmOJk.s 			page 8


 405 001c CE4A     		ldr	r2, .L55
 406 001e 487A     		ldrb	r0, [r1, #9]	@ zero_extendqisi2
 407 0020 9A42     		cmp	r2, r3
 408 0022 6360     		str	r3, [r4, #4]
 409 0024 A8BF     		it	ge
 410 0026 1A46     		movge	r2, r3
 411 0028 22EAE272 		bic	r2, r2, r2, asr #31
 412 002c 0028     		cmp	r0, #0
 413 002e 00F08D81 		beq	.L44
 414 0032 0B69     		ldr	r3, [r1, #16]
 415 0034 03EB8202 		add	r2, r3, r2, lsl #2
 416 0038 1668     		ldr	r6, [r2]	@ float
 417              	.L45:
 418 003a C848     		ldr	r0, .L55+4
 419 003c 04F11C05 		add	r5, r4, #28
 420 0040 2044     		add	r0, r0, r4
 421 0042 FFF7FEFF 		bl	_ZN7daisysp6Phasor7ProcessEv
 422 0046 C648     		ldr	r0, .L55+8
 423 0048 F0EE408A 		vmov.f32	s17, s0
 424 004c 2844     		add	r0, r0, r5
 425 004e FFF7FEFF 		bl	_ZN7daisysp6Phasor7ProcessEv
 426 0052 C449     		ldr	r1, .L55+12
 427 0054 B0EE408A 		vmov.f32	s16, s0
 428 0058 2144     		add	r1, r1, r4
 429 005a D1ED007A 		vldr.32	s15, [r1]
 430 005e F4EEE78A 		vcmpe.f32	s17, s15
 431 0062 F1EE10FA 		vmrs	APSR_nzcv, FPSCR
 432 0066 00F1DE80 		bmi	.L46
 433 006a BF4A     		ldr	r2, .L55+16
 434 006c BF4B     		ldr	r3, .L55+20
 435 006e 2244     		add	r2, r2, r4
 436 0070 BF48     		ldr	r0, .L55+24
 437 0072 2344     		add	r3, r3, r4
 438 0074 D2ED005A 		vldr.32	s11, [r2]
 439 0078 93ED007A 		vldr.32	s14, [r3]
 440 007c 2358     		ldr	r3, [r4, r0]
 441              	.L47:
 442 007e BD4D     		ldr	r5, .L55+28
 443 0080 2544     		add	r5, r5, r4
 444 0082 D5ED007A 		vldr.32	s15, [r5]
 445 0086 B4EEE78A 		vcmpe.f32	s16, s15
 446 008a F1EE10FA 		vmrs	APSR_nzcv, FPSCR
 447 008e 00F11181 		bmi	.L48
 448 0092 B948     		ldr	r0, .L55+32
 449 0094 B94A     		ldr	r2, .L55+36
 450 0096 2044     		add	r0, r0, r4
 451 0098 2244     		add	r2, r2, r4
 452 009a 90ED006A 		vldr.32	s12, [r0]
 453 009e D2ED007A 		vldr.32	s15, [r2]
 454              	.L49:
 455 00a2 DFF81093 		ldr	r9, .L55+92
 456 00a6 B64F     		ldr	r7, .L55+40
 457 00a8 A144     		add	r9, r9, r4
 458 00aa B64A     		ldr	r2, .L55+44
 459 00ac 2744     		add	r7, r7, r4
 460 00ae D9ED006A 		vldr.32	s13, [r9]
 461 00b2 A25C     		ldrb	r2, [r4, r2]	@ zero_extendqisi2
ARM GAS  /var/folders/wm/cgcdtysd1h320c4wmhfz4d5w0000gn/T//ccTBmOJk.s 			page 9


 462 00b4 37EE667A 		vsub.f32	s14, s14, s13
 463 00b8 E7EE256A 		vfma.f32	s13, s14, s11
 464 00bc C9ED006A 		vstr.32	s13, [r9]
 465 00c0 97ED007A 		vldr.32	s14, [r7]
 466 00c4 77EEC77A 		vsub.f32	s15, s15, s14
 467 00c8 A7EE867A 		vfma.f32	s14, s15, s12
 468 00cc 87ED007A 		vstr.32	s14, [r7]
 469 00d0 C1ED008A 		vstr.32	s17, [r1]
 470 00d4 85ED008A 		vstr.32	s16, [r5]
 471 00d8 2AB1     		cbz	r2, .L50
 472 00da F7EE007A 		vmov.f32	s15, #1.0e+0
 473 00de 77EEE88A 		vsub.f32	s17, s15, s17
 474 00e2 37EEC88A 		vsub.f32	s16, s15, s16
 475              	.L50:
 476 00e6 013B     		subs	r3, r3, #1
 477 00e8 DFF8CCA2 		ldr	r10, .L55+96
 478 00ec DFF8CC82 		ldr	r8, .L55+100
 479 00f0 07EE903A 		vmov	s15, r3	@ int
 480 00f4 9FEDA49A 		vldr.32	s18, .L55+48
 481 00f8 A044     		add	r8, r8, r4
 482 00fa A244     		add	r10, r10, r4
 483 00fc F8EE677A 		vcvt.f32.u32	s15, s15
 484 0100 A24D     		ldr	r5, .L55+52
 485 0102 28EE890A 		vmul.f32	s0, s17, s18
 486 0106 2544     		add	r5, r5, r4
 487 0108 27EEA87A 		vmul.f32	s14, s15, s17
 488 010c 67EE887A 		vmul.f32	s15, s15, s16
 489 0110 8AED007A 		vstr.32	s14, [r10]
 490 0114 C8ED007A 		vstr.32	s15, [r8]
 491 0118 FFF7FEFF 		bl	sinf
 492 011c F0EE407A 		vmov.f32	s15, s0
 493 0120 28EE090A 		vmul.f32	s0, s16, s18
 494 0124 C5ED007A 		vstr.32	s15, [r5]
 495 0128 FFF7FEFF 		bl	sinf
 496 012c 9848     		ldr	r0, .L55+56
 497 012e D9ED007A 		vldr.32	s15, [r9]
 498 0132 43F6FF7C 		movw	ip, #16383
 499 0136 2044     		add	r0, r0, r4
 500 0138 226A     		ldr	r2, [r4, #32]
 501 013a 964B     		ldr	r3, .L55+60
 502 013c 80ED000A 		vstr.32	s0, [r0]
 503 0140 02EB0C01 		add	r1, r2, ip
 504 0144 9AED007A 		vldr.32	s14, [r10]
 505 0148 2344     		add	r3, r3, r4
 506 014a 04EB8202 		add	r2, r4, r2, lsl #2
 507 014e C1F30D01 		ubfx	r1, r1, #0, #14
 508 0152 37EE277A 		vadd.f32	s14, s14, s15
 509 0156 D8ED007A 		vldr.32	s15, [r8]
 510 015a 9662     		str	r6, [r2, #40]	@ float
 511 015c 2162     		str	r1, [r4, #32]
 512 015e FDEEC76A 		vcvt.s32.f32	s13, s14
 513 0162 5A68     		ldr	r2, [r3, #4]
 514 0164 9FED8C0A 		vldr.32	s0, .L55+64
 515 0168 02EB0C08 		add	r8, r2, ip
 516 016c 03EB820E 		add	lr, r3, r2, lsl #2
 517 0170 B8EEE66A 		vcvt.f32.s32	s12, s13
 518 0174 C8F30D02 		ubfx	r2, r8, #0, #14
ARM GAS  /var/folders/wm/cgcdtysd1h320c4wmhfz4d5w0000gn/T//ccTBmOJk.s 			page 10


 519 0178 CEF80C60 		str	r6, [lr, #12]	@ float
 520 017c 16EE906A 		vmov	r6, s13	@ int
 521 0180 DFF83CE2 		ldr	lr, .L55+104
 522 0184 37EE467A 		vsub.f32	s14, s14, s12
 523 0188 5A60     		str	r2, [r3, #4]
 524 018a 6645     		cmp	r6, ip
 525 018c 84ED077A 		vstr.32	s14, [r4, #28]
 526 0190 28BF     		it	cs
 527 0192 6646     		movcs	r6, ip
 528 0194 D7ED006A 		vldr.32	s13, [r7]
 529 0198 3144     		add	r1, r1, r6
 530 019a 6662     		str	r6, [r4, #36]
 531 019c 77EEA67A 		vadd.f32	s15, s15, s13
 532 01a0 4E1C     		adds	r6, r1, #1
 533 01a2 C1F30D01 		ubfx	r1, r1, #0, #14
 534 01a6 FDEEE76A 		vcvt.s32.f32	s13, s15
 535 01aa C6F30D07 		ubfx	r7, r6, #0, #14
 536 01ae 04EB8101 		add	r1, r4, r1, lsl #2
 537 01b2 04EB8707 		add	r7, r4, r7, lsl #2
 538 01b6 16EE906A 		vmov	r6, s13	@ int
 539 01ba B8EEE66A 		vcvt.f32.s32	s12, s13
 540 01be 6645     		cmp	r6, ip
 541 01c0 77EEC67A 		vsub.f32	s15, s15, s12
 542 01c4 28BF     		it	cs
 543 01c6 6646     		movcs	r6, ip
 544 01c8 3244     		add	r2, r2, r6
 545 01ca C3ED007A 		vstr.32	s15, [r3]
 546 01ce 97ED0A5A 		vldr.32	s10, [r7, #40]
 547 01d2 91ED0A6A 		vldr.32	s12, [r1, #40]
 548 01d6 02F1010C 		add	ip, r2, #1
 549 01da C2F30D02 		ubfx	r2, r2, #0, #14
 550 01de 95ED004A 		vldr.32	s8, [r5]
 551 01e2 35EE465A 		vsub.f32	s10, s10, s12
 552 01e6 CCF30D0C 		ubfx	ip, ip, #0, #14
 553 01ea 03EB8202 		add	r2, r3, r2, lsl #2
 554 01ee D0ED004A 		vldr.32	s9, [r0]
 555 01f2 03EB8C03 		add	r3, r3, ip, lsl #2
 556 01f6 A7EE056A 		vfma.f32	s12, s14, s10
 557 01fa D2ED036A 		vldr.32	s13, [r2, #12]
 558 01fe D3ED035A 		vldr.32	s11, [r3, #12]
 559 0202 94ED047A 		vldr.32	s14, [r4, #16]
 560 0206 75EEE65A 		vsub.f32	s11, s11, s13
 561 020a 44F80E60 		str	r6, [r4, lr]
 562 020e BDEC048B 		vldm	sp!, {d8-d9}
 563 0212 E7EEA56A 		vfma.f32	s13, s15, s11
 564 0216 A6EE040A 		vfma.f32	s0, s12, s8
 565 021a A6EEA40A 		vfma.f32	s0, s13, s9
 566 021e 20EE070A 		vmul.f32	s0, s0, s14
 567 0222 BDE8F087 		pop	{r4, r5, r6, r7, r8, r9, r10, pc}
 568              	.L46:
 569 0226 5D4F     		ldr	r7, .L55+68
 570 0228 5D4D     		ldr	r5, .L55+72
 571 022a 3B68     		ldr	r3, [r7]
 572 022c 5D48     		ldr	r0, .L55+76
 573 022e 2544     		add	r5, r5, r4
 574 0230 83EA4333 		eor	r3, r3, r3, lsl #13
 575 0234 DFED5C6A 		vldr.32	s13, .L55+80
ARM GAS  /var/folders/wm/cgcdtysd1h320c4wmhfz4d5w0000gn/T//ccTBmOJk.s 			page 11


 576 0238 95ED004A 		vldr.32	s8, [r5]
 577 023c 83EA5343 		eor	r3, r3, r3, lsr #17
 578 0240 9FED5A6A 		vldr.32	s12, .L55+84
 579 0244 DFED5A5A 		vldr.32	s11, .L55+88
 580 0248 83EA4313 		eor	r3, r3, r3, lsl #5
 581 024c 83EA4332 		eor	r2, r3, r3, lsl #13
 582 0250 A0FB03C5 		umull	ip, r5, r0, r3
 583 0254 82EA5242 		eor	r2, r2, r2, lsr #17
 584 0258 ED09     		lsrs	r5, r5, #7
 585 025a 82EA4212 		eor	r2, r2, r2, lsl #5
 586 025e C5EB0525 		rsb	r5, r5, r5, lsl #8
 587 0262 A0FB02C0 		umull	ip, r0, r0, r2
 588 0266 5B1B     		subs	r3, r3, r5
 589 0268 414D     		ldr	r5, .L55+24
 590 026a C009     		lsrs	r0, r0, #7
 591 026c 3A60     		str	r2, [r7]
 592 026e 07EE903A 		vmov	s15, r3	@ int
 593 0272 6359     		ldr	r3, [r4, r5]
 594 0274 C0EB0020 		rsb	r0, r0, r0, lsl #8
 595 0278 3C4F     		ldr	r7, .L55+20
 596 027a F8EEE77A 		vcvt.f32.s32	s15, s15
 597 027e 04EE903A 		vmov	s9, r3	@ int
 598 0282 101A     		subs	r0, r2, r0
 599 0284 6035     		adds	r5, r5, #96
 600 0286 FBEEEF4A 		vcvt.f32.u32	s9, s9, #1
 601 028a 2744     		add	r7, r7, r4
 602 028c 87EEA67A 		vdiv.f32	s14, s15, s13
 603 0290 07EE900A 		vmov	s15, r0	@ int
 604 0294 2544     		add	r5, r5, r4
 605 0296 F8EEE77A 		vcvt.f32.s32	s15, s15
 606 029a 87EEA65A 		vdiv.f32	s10, s15, s13
 607 029e 27EE047A 		vmul.f32	s14, s14, s8
 608 02a2 27EE247A 		vmul.f32	s14, s14, s9
 609 02a6 87ED007A 		vstr.32	s14, [r7]
 610 02aa E5EE065A 		vfma.f32	s11, s10, s12
 611 02ae C5ED005A 		vstr.32	s11, [r5]
 612 02b2 E4E6     		b	.L47
 613              	.L48:
 614 02b4 DFF8E4C0 		ldr	ip, .L55+68
 615 02b8 DFF8E4E0 		ldr	lr, .L55+72
 616 02bc DCF80020 		ldr	r2, [ip]
 617 02c0 3848     		ldr	r0, .L55+76
 618 02c2 A644     		add	lr, lr, r4
 619 02c4 82EA4232 		eor	r2, r2, r2, lsl #13
 620 02c8 9FED375A 		vldr.32	s10, .L55+80
 621 02cc DEED003A 		vldr.32	s7, [lr]
 622 02d0 82EA5242 		eor	r2, r2, r2, lsr #17
 623 02d4 DFED354A 		vldr.32	s9, .L55+84
 624 02d8 9FED356A 		vldr.32	s12, .L55+88
 625 02dc 82EA4212 		eor	r2, r2, r2, lsl #5
 626 02e0 82EA4237 		eor	r7, r2, r2, lsl #13
 627 02e4 A0FB028E 		umull	r8, lr, r0, r2
 628 02e8 87EA5747 		eor	r7, r7, r7, lsr #17
 629 02ec 4FEADE1E 		lsr	lr, lr, #7
 630 02f0 87EA4717 		eor	r7, r7, r7, lsl #5
 631 02f4 CEEB0E2E 		rsb	lr, lr, lr, lsl #8
 632 02f8 A0FB0780 		umull	r8, r0, r0, r7
ARM GAS  /var/folders/wm/cgcdtysd1h320c4wmhfz4d5w0000gn/T//ccTBmOJk.s 			page 12


 633 02fc A2EB0E02 		sub	r2, r2, lr
 634 0300 CCF80070 		str	r7, [ip]
 635 0304 C009     		lsrs	r0, r0, #7
 636 0306 DFF874C0 		ldr	ip, .L55+36
 637 030a 07EE902A 		vmov	s15, r2	@ int
 638 030e 1A4A     		ldr	r2, .L55+32
 639 0310 C0EB0020 		rsb	r0, r0, r0, lsl #8
 640 0314 A444     		add	ip, ip, r4
 641 0316 F8EEE76A 		vcvt.f32.s32	s13, s15
 642 031a 2244     		add	r2, r2, r4
 643 031c 381A     		subs	r0, r7, r0
 644 031e C6EE857A 		vdiv.f32	s15, s13, s10
 645 0322 06EE900A 		vmov	s13, r0	@ int
 646 0326 F8EEE66A 		vcvt.f32.s32	s13, s13
 647 032a 86EE854A 		vdiv.f32	s8, s13, s10
 648 032e 06EE903A 		vmov	s13, r3	@ int
 649 0332 FBEEEF6A 		vcvt.f32.u32	s13, s13, #1
 650 0336 67EEA37A 		vmul.f32	s15, s15, s7
 651 033a 67EEA67A 		vmul.f32	s15, s15, s13
 652 033e CCED007A 		vstr.32	s15, [ip]
 653 0342 A4EE246A 		vfma.f32	s12, s8, s9
 654 0346 82ED006A 		vstr.32	s12, [r2]
 655 034a AAE6     		b	.L49
 656              	.L44:
 657 034c CB68     		ldr	r3, [r1, #12]
 658 034e 03EB8202 		add	r2, r3, r2, lsl #2
 659 0352 1668     		ldr	r6, [r2]	@ float
 660 0354 71E6     		b	.L45
 661              	.L56:
 662 0356 00BF     		.align	2
 663              	.L55:
 664 0358 80320200 		.word	144000
 665 035c 4C000200 		.word	131148
 666 0360 40000200 		.word	131136
 667 0364 8C000200 		.word	131212
 668 0368 9C000200 		.word	131228
 669 036c 84000200 		.word	131204
 670 0370 3C000200 		.word	131132
 671 0374 90000200 		.word	131216
 672 0378 A0000200 		.word	131232
 673 037c 88000200 		.word	131208
 674 0380 98000200 		.word	131224
 675 0384 48000200 		.word	131144
 676 0388 DB0F4940 		.word	1078530011
 677 038c 6C000200 		.word	131180
 678 0390 70000200 		.word	131184
 679 0394 28000100 		.word	65576
 680 0398 00000000 		.word	0
 681 039c 00000000 		.word	_ZZN7daisysp6myrandEvE4seed
 682 03a0 80000200 		.word	131200
 683 03a4 81808080 		.word	-2139062143
 684 03a8 00007F43 		.word	1132396544
 685 03ac 6F12833A 		.word	981668463
 686 03b0 17B75139 		.word	961656599
 687 03b4 94000200 		.word	131220
 688 03b8 74000200 		.word	131188
 689 03bc 78000200 		.word	131192
ARM GAS  /var/folders/wm/cgcdtysd1h320c4wmhfz4d5w0000gn/T//ccTBmOJk.s 			page 13


 690 03c0 30000100 		.word	65584
 692              		.section	.text._ZN7daisysp5Voice9NextIndexEv,"ax",%progbits
 693              		.align	1
 694              		.p2align 2,,3
 695              		.global	_ZN7daisysp5Voice9NextIndexEv
 696              		.syntax unified
 697              		.thumb
 698              		.thumb_func
 699              		.fpu fpv5-d16
 701              	_ZN7daisysp5Voice9NextIndexEv:
 702              		@ args = 0, pretend = 0, frame = 0
 703              		@ frame_needed = 0, uses_anonymous_args = 0
 704              		@ link register save eliminated.
 705 0000 0246     		mov	r2, r0
 706 0002 D0E90010 		ldrd	r1, r0, [r0]
 707 0006 0130     		adds	r0, r0, #1
 708 0008 90FBF1F3 		sdiv	r3, r0, r1
 709 000c 01FB1300 		mls	r0, r1, r3, r0
 710 0010 00B9     		cbnz	r0, .L58
 711 0012 9068     		ldr	r0, [r2, #8]
 712              	.L58:
 713 0014 5060     		str	r0, [r2, #4]
 714 0016 7047     		bx	lr
 716              		.weak	_ZZN7daisysp6myrandEvE4seed
 717              		.section	.data._ZZN7daisysp6myrandEvE4seed,"awG",%progbits,_ZZN7daisysp6myrandEvE4seed,comdat
 718              		.align	2
 721              	_ZZN7daisysp6myrandEvE4seed:
 722 0000 01000000 		.word	1
 723              		.ident	"GCC: (GNU Tools for Arm Embedded Processors 9-2019-q4-major) 9.2.1 20191025 (release) [ARM
ARM GAS  /var/folders/wm/cgcdtysd1h320c4wmhfz4d5w0000gn/T//ccTBmOJk.s 			page 14


DEFINED SYMBOLS
                            *ABS*:0000000000000000 voice.cpp
/var/folders/wm/cgcdtysd1h320c4wmhfz4d5w0000gn/T//ccTBmOJk.s:15     .text._ZN7daisysp5Voice4InitEii:0000000000000000 $t
/var/folders/wm/cgcdtysd1h320c4wmhfz4d5w0000gn/T//ccTBmOJk.s:24     .text._ZN7daisysp5Voice4InitEii:0000000000000000 _ZN7daisysp5Voice4InitEii
/var/folders/wm/cgcdtysd1h320c4wmhfz4d5w0000gn/T//ccTBmOJk.s:246    .text._ZN7daisysp5Voice4InitEii:0000000000000268 $d
/var/folders/wm/cgcdtysd1h320c4wmhfz4d5w0000gn/T//ccTBmOJk.s:274    .text._ZN7daisysp5Voice16SetTranspositionEf:0000000000000000 $t
/var/folders/wm/cgcdtysd1h320c4wmhfz4d5w0000gn/T//ccTBmOJk.s:282    .text._ZN7daisysp5Voice16SetTranspositionEf:0000000000000000 _ZN7daisysp5Voice16SetTranspositionEf
/var/folders/wm/cgcdtysd1h320c4wmhfz4d5w0000gn/T//ccTBmOJk.s:373    .text._ZN7daisysp5Voice16SetTranspositionEf:00000000000000f4 $d
/var/folders/wm/cgcdtysd1h320c4wmhfz4d5w0000gn/T//ccTBmOJk.s:384    .text._ZN7daisysp5Voice10NextSampleER6Buffer:0000000000000000 $t
/var/folders/wm/cgcdtysd1h320c4wmhfz4d5w0000gn/T//ccTBmOJk.s:392    .text._ZN7daisysp5Voice10NextSampleER6Buffer:0000000000000000 _ZN7daisysp5Voice10NextSampleER6Buffer
/var/folders/wm/cgcdtysd1h320c4wmhfz4d5w0000gn/T//ccTBmOJk.s:664    .text._ZN7daisysp5Voice10NextSampleER6Buffer:0000000000000358 $d
/var/folders/wm/cgcdtysd1h320c4wmhfz4d5w0000gn/T//ccTBmOJk.s:721    .data._ZZN7daisysp6myrandEvE4seed:0000000000000000 _ZZN7daisysp6myrandEvE4seed
/var/folders/wm/cgcdtysd1h320c4wmhfz4d5w0000gn/T//ccTBmOJk.s:693    .text._ZN7daisysp5Voice9NextIndexEv:0000000000000000 $t
/var/folders/wm/cgcdtysd1h320c4wmhfz4d5w0000gn/T//ccTBmOJk.s:701    .text._ZN7daisysp5Voice9NextIndexEv:0000000000000000 _ZN7daisysp5Voice9NextIndexEv
/var/folders/wm/cgcdtysd1h320c4wmhfz4d5w0000gn/T//ccTBmOJk.s:718    .data._ZZN7daisysp6myrandEvE4seed:0000000000000000 $d

UNDEFINED SYMBOLS
powf
_ZN7daisysp6Phasor7SetFreqEf
_ZN7daisysp6Phasor7ProcessEv
sinf
